<?xml version="1.0" encoding="UTF-8"?>
<testsuite xmlns:xsi="http://www.w3.org/2001/XMLSchema-instance" xsi:noNamespaceSchemaLocation="https://maven.apache.org/surefire/maven-surefire-plugin/xsd/surefire-test-report-3.0.xsd" version="3.0" name="practice1.MainTest" time="0.192" tests="5" errors="0" skipped="0" failures="0">
  <properties>
[...]
</properties>
  <testcase name="shouldEncodePackage_params(byte, long, String)[1]" classname="practice1.MainTest" time="0.09">
    <system-out><![CDATA[client: 10
packetID: 222
length: 11
crc16 head: 3555
]]></system-out>
  </testcase>
  <testcase name="shouldEncodePackage_params(byte, long, String)[2]" classname="practice1.MainTest" time="0.003">
    <system-out><![CDATA[client: 10
packetID: 5435
length: 7
crc16 head: 7084
]]></system-out>
  </testcase>
  <testcase name="shouldEncodePackage_params(byte, long, String)[3]" classname="practice1.MainTest" time="0.002">
    <system-out><![CDATA[client: 11
packetID: 43
length: 12
crc16 head: 23340
]]></system-out>
  </testcase>
  <testcase name="shouldEncodePackage_params(byte, long, String)[4]" classname="practice1.MainTest" time="0.002">
    <system-out><![CDATA[client: 14
packetID: 432
length: 15
crc16 head: 20996
]]></system-out>
  </testcase>
  <testcase name="shouldEncodePackage" classname="practice1.MainTest" time="0.001">
    <system-out><![CDATA[client: 1
packetID: 111
length: 11
crc16 head: -25467
]]></system-out>
  </testcase>
</testsuite>